<?xml version="1.0" encoding="UTF-8"?>
<!-- Generated by org.testng.reporters.JUnitXMLReporter -->
<testsuite hostname="LAPTOP-V2LQLCOS" failures="0" tests="7" name="Default test" time="43.649" errors="0" timestamp="30 Oct 2021 08:38:55 GMT">
  <testcase classname="tests.GiftsPageAreaTest" name="setExtentReport" time="0.007"/>
  <testcase classname="tests.GiftsPageAreaTest" name="filterSuccessTest" time="11.814"/>
  <testcase classname="tests.GiftsPageAreaTest" name="sortSuccessTest" time="14.767"/>
  <testcase classname="tests.GiftsPageAreaTest" name="addItemToCartSuccessTest" time="8.563"/>
  <testcase classname="tests.GiftsPageAreaTest" name="itemPageSuccessTest" time="3.475"/>
  <testcase classname="tests.GiftsPageAreaTest" name="minusAndPlusQuantitySuccessTest" time="0.244"/>
  <testcase classname="tests.GiftsPageAreaTest" name="buyNowItemSuccessTest" time="4.762"/>
</testsuite> <!-- Default test -->
